INFO:root:getting :
INFO:root:https://www.mpmadirectory.org.my/members/a-a-plastic-industries-sdn-bhd
INFO:root:getting :
INFO:root:https://www.mpmadirectory.org.my/members/a-a-plastic-industries-sdn-bhd
INFO:root:
INFO:root:getting :
INFO:root:https://www.mpmadirectory.org.my/members/a-waner-plastic-manufacturing-m-sdn-bhd
INFO:root:
INFO:root:getting :
INFO:root:https://www.mpmadirectory.org.my/members/abiba-plastic-industries-sdn-bhd
INFO:root:
INFO:root:getting :
INFO:root:https://www.mpmadirectory.org.my/members/ace-tex-packaging-products-sdn-bhd
INFO:root:
INFO:root:getting :
INFO:root:https://www.mpmadirectory.org.my/members/active-machinery-enterprise-sdn-bhd
INFO:root:
INFO:root:getting :
INFO:root:https://www.mpmadirectory.org.my/members/actrolex-industry-sdn-bhd
INFO:root:
INFO:root:getting :
INFO:root:https://www.mpmadirectory.org.my/members/acumen-kinetics-sdn-bhd
INFO:root:
INFO:root:getting :
INFO:root:https://www.mpmadirectory.org.my/members/adikem-sdn-bhd
INFO:root:
INFO:root:getting :
INFO:root:https://www.mpmadirectory.org.my/members/adtech-malaysia-sdn-bhd
INFO:root:
INFO:root:getting :
INFO:root:https://www.mpmadirectory.org.my/members/advent-packaging-sdn-bhd
INFO:root:
INFO:root:getting :
INFO:root:https://www.mpmadirectory.org.my/members/agile-medical-devices-sdn-bhd
INFO:root:
INFO:root:getting :
INFO:root:https://www.mpmadirectory.org.my/members/aik-hin-plastic-co
INFO:root:
INFO:root:getting :
INFO:root:https://www.mpmadirectory.org.my/members/alitech-m-sdn-bhd
INFO:root:
INFO:root:getting :
INFO:root:https://www.mpmadirectory.org.my/members/allbright-industries-m-sdn-bhd
INFO:root:
INFO:root:getting :
INFO:root:https://www.mpmadirectory.org.my/members/alpha-connection-sdn-bhd
INFO:root:
INFO:root:getting :
INFO:root:https://www.mpmadirectory.org.my/members/alpha-innovation-sdn-bhd
INFO:root:
INFO:root:getting :
INFO:root:https://www.mpmadirectory.org.my/members/alpha-pipe-industries-sdn-bhd
INFO:root:
INFO:root:getting :
INFO:root:https://www.mpmadirectory.org.my/members/ampacet-malaysia-sdn-bhd
INFO:root:
INFO:root:getting :
INFO:root:https://www.mpmadirectory.org.my/members/amrich-foam-manufacturing-m-sdn-bhd
INFO:root:
INFO:root:getting :
INFO:root:https://www.mpmadirectory.org.my/members/anchor-link-sdn-bhd
INFO:root:
INFO:root:getting :
INFO:root:https://www.mpmadirectory.org.my/members/ansoon-superior-industries-sdn-bhd
INFO:root:
INFO:root:getting :
INFO:root:https://www.mpmadirectory.org.my/members/antawise-sdn-bhd
INFO:root:
INFO:root:getting :
INFO:root:https://www.mpmadirectory.org.my/members/apm-plastics-sdn-bhd
INFO:root:
INFO:root:getting :
INFO:root:https://www.mpmadirectory.org.my/members/apn-plastics-asia-pacific-m-sdn-bhd
INFO:root:
INFO:root:getting :
INFO:root:https://www.mpmadirectory.org.my/members/arah-johan-sdn-bhd
INFO:root:
INFO:root:getting :
INFO:root:https://www.mpmadirectory.org.my/members/arburg-sdn-bhd
INFO:root:
INFO:root:getting :
INFO:root:https://www.mpmadirectory.org.my/members/arensi-marley-m-sdn-bhd
INFO:root:
INFO:root:getting :
INFO:root:https://www.mpmadirectory.org.my/members/arita-plastics-industries-m-sdn-bhd
INFO:root:
INFO:root:getting :
INFO:root:https://www.mpmadirectory.org.my/members/asasrama-sdn-bhd
INFO:root:
INFO:root:getting :
INFO:root:https://www.mpmadirectory.org.my/members/asb-machinery-m-sdn-bhd
INFO:root:
INFO:root:getting :
INFO:root:https://www.mpmadirectory.org.my/members/asia-poly-industrial-sdn-bhd
INFO:root:
INFO:root:getting :
INFO:root:https://www.mpmadirectory.org.my/members/asiatic-plastic-packaging-industries-sdn-bhd
INFO:root:
INFO:root:getting :
INFO:root:https://www.mpmadirectory.org.my/members/associated-air-pak-industries-sdn-bhd
INFO:root:
INFO:root:getting :
INFO:root:https://www.mpmadirectory.org.my/members/atom-corporation-sdn-bhd
INFO:root:
INFO:root:getting :
INFO:root:https://www.mpmadirectory.org.my/members/auto-global-parts-industries-sdn-bhd
INFO:root:
INFO:root:getting :
INFO:root:https://www.mpmadirectory.org.my/members/avery-dennison-materials-sdn-bhd
INFO:root:
INFO:root:getting :
INFO:root:https://www.mpmadirectory.org.my/members/avient-colorants-malaysia-sdn-bhd
INFO:root:
INFO:root:getting :
INFO:root:https://www.mpmadirectory.org.my/members/award-packaging-industries-sdn-bhd
INFO:root:
INFO:root:getting :
INFO:root:https://www.mpmadirectory.org.my/members/azman-hamzah-plastik-sdn-bhd
INFO:root:
INFO:root:getting :
INFO:root:https://www.mpmadirectory.org.my/members/baerlocher-m-sdn-bhd
INFO:root:
INFO:root:getting :
INFO:root:https://www.mpmadirectory.org.my/members/bagan-printers-sdn-bhd
INFO:root:
INFO:root:getting :
INFO:root:https://www.mpmadirectory.org.my/members/ban-hing-loong-plastic-factory-sdn-bhd
INFO:root:
INFO:root:getting :
INFO:root:https://www.mpmadirectory.org.my/members/ban-seng-plastic-industries-assembly-sdn-bhd
INFO:root:
INFO:root:getting :
INFO:root:https://www.mpmadirectory.org.my/members/basf-malaysia-sdn-bhd
INFO:root:
INFO:root:getting :
INFO:root:https://www.mpmadirectory.org.my/members/bee-lian-plastic-industries-sdn-bhd
INFO:root:
INFO:root:getting :
INFO:root:https://www.mpmadirectory.org.my/members/behn-meyer-specialties-m-plt
INFO:root:
INFO:root:getting :
INFO:root:https://www.mpmadirectory.org.my/members/belcon-trading-sdn-bhd
INFO:root:
INFO:root:getting :
INFO:root:https://www.mpmadirectory.org.my/members/beltec-sdn-bhd
INFO:root:
INFO:root:getting :
INFO:root:https://www.mpmadirectory.org.my/members/berkilat-upv-pipes-sdn-bhd
INFO:root:
INFO:root:getting :
INFO:root:https://www.mpmadirectory.org.my/members/best-plastic-industry-sdn-bhd
INFO:root:
INFO:root:getting :
INFO:root:https://www.mpmadirectory.org.my/members/billion-plastic-industries
INFO:root:
INFO:root:getting :
INFO:root:https://www.mpmadirectory.org.my/members/bina-plastic-industries-sdn-bhd
INFO:root:
INFO:root:getting :
INFO:root:https://www.mpmadirectory.org.my/members/binsen-plastic-industry-sdn-bhd
INFO:root:
INFO:root:getting :
INFO:root:https://www.mpmadirectory.org.my/members/blowing-injection-products-sdn-bhd
INFO:root:
INFO:root:getting :
INFO:root:https://www.mpmadirectory.org.my/members/bold-vision-sdn-bhd
INFO:root:
INFO:root:getting :
INFO:root:https://www.mpmadirectory.org.my/members/boon-plastic-industries-sdn-bhd
INFO:root:
INFO:root:getting :
INFO:root:https://www.mpmadirectory.org.my/members/borneo-flexible-packaging-sdn-bhd
INFO:root:
INFO:root:getting :
INFO:root:https://www.mpmadirectory.org.my/members/borneo-plastics-sdn-bhd
INFO:root:
INFO:root:getting :
INFO:root:https://www.mpmadirectory.org.my/members/bottcher-malaysia-sdn-bhd
INFO:root:
INFO:root:getting :
INFO:root:https://www.mpmadirectory.org.my/members/bp-plastics-sdn-bhd
INFO:root:
INFO:root:getting :
INFO:root:https://www.mpmadirectory.org.my/members/brion-plastic-industries-sdn-bhd
INFO:root:
INFO:root:getting :
INFO:root:https://www.mpmadirectory.org.my/members/bsm-plastic-sdn-bhd
INFO:root:
INFO:root:getting :
INFO:root:https://www.mpmadirectory.org.my/members/buteline-malaysia-sdn-bhd
INFO:root:
INFO:root:getting :
INFO:root:https://www.mpmadirectory.org.my/members/c-m-lim-manufacturer-sdn-bhd
INFO:root:
INFO:root:getting :
INFO:root:https://www.mpmadirectory.org.my/members/c2-polymer-sdn-bhd
INFO:root:
INFO:root:getting :
INFO:root:https://www.mpmadirectory.org.my/members/caldic-malaysia-sdn-bhd
INFO:root:
INFO:root:getting :
INFO:root:https://www.mpmadirectory.org.my/members/canter-industries-sdn-bhd
INFO:root:
INFO:root:getting :
INFO:root:https://www.mpmadirectory.org.my/members/canzo-sdn-bhd
INFO:root:
INFO:root:getting :
INFO:root:https://www.mpmadirectory.org.my/members/care-recycling-sdn-bhd
INFO:root:
INFO:root:getting :
INFO:root:https://www.mpmadirectory.org.my/members/cdg-products-sdn-bhd
INFO:root:
INFO:root:getting :
INFO:root:https://www.mpmadirectory.org.my/members/central-melamineware-sdn-bhd
INFO:root:
INFO:root:getting :
INFO:root:https://www.mpmadirectory.org.my/members/central-packaging-sdn-bhd
INFO:root:
INFO:root:getting :
INFO:root:https://www.mpmadirectory.org.my/members/cew-sin-plastic-pipe-sdn-bhd
INFO:root:
INFO:root:getting :
INFO:root:https://www.mpmadirectory.org.my/members/chai-heng-plastic-manufacturing-m-sdn-bhd
INFO:root:
INFO:root:getting :
INFO:root:https://www.mpmadirectory.org.my/members/changhuat-plastic-industries-senai-sdn-bhd
INFO:root:
INFO:root:getting :
INFO:root:https://www.mpmadirectory.org.my/members/chau-yang-plastics-industry-sdn-bhd
INFO:root:
INFO:root:getting :
INFO:root:https://www.mpmadirectory.org.my/members/chawk-technology-m-sdn-bhd
INFO:root:
INFO:root:getting :
INFO:root:https://www.mpmadirectory.org.my/members/chee-wan-plastic-industries-sdn-bhd
INFO:root:
INFO:root:getting :
INFO:root:https://www.mpmadirectory.org.my/members/chemia-world-sdn-bhd
INFO:root:
INFO:root:getting :
INFO:root:https://www.mpmadirectory.org.my/members/chemorbis-sdn-bhd
INFO:root:
INFO:root:getting :
INFO:root:https://www.mpmadirectory.org.my/members/chemtube-m-sdn-bhd
INFO:root:
INFO:root:getting :
INFO:root:https://www.mpmadirectory.org.my/members/chevron-phillips-chemical-malaysia-sdn-bhd
INFO:root:
INFO:root:getting :
INFO:root:https://www.mpmadirectory.org.my/members/chi-yang-global-recycle
INFO:root:
INFO:root:getting :
INFO:root:https://www.mpmadirectory.org.my/members/chianta-plastic-industries-sdn-bhd
INFO:root:
INFO:root:getting :
INFO:root:https://www.mpmadirectory.org.my/members/chiap-hup-known-you-agriculture-sdn-bhd
INFO:root:
INFO:root:getting :
INFO:root:https://www.mpmadirectory.org.my/members/chiga-light-industries-sdn-bhd
INFO:root:
INFO:root:getting :
INFO:root:https://www.mpmadirectory.org.my/members/chin-lean-plastic-factory-sdn-bhd
INFO:root:
INFO:root:getting :
INFO:root:https://www.mpmadirectory.org.my/members/ching-kuan-holdings-sdn-bhd
INFO:root:
INFO:root:getting :
INFO:root:https://www.mpmadirectory.org.my/members/chong-wah-plastics-sdn-bhd
INFO:root:
INFO:root:getting :
INFO:root:https://www.mpmadirectory.org.my/members/choon-huat-plastic-trading-co
INFO:root:
INFO:root:getting :
INFO:root:https://www.mpmadirectory.org.my/members/chuan-hin-packaging-industries-sdn-bhd
INFO:root:
INFO:root:getting :
INFO:root:https://www.mpmadirectory.org.my/members/chuan-lee-printing-press-sdn-bhd
INFO:root:
INFO:root:getting :
INFO:root:https://www.mpmadirectory.org.my/members/chuan-weng-plastic-sdn-bhd
INFO:root:
INFO:root:getting :
INFO:root:https://www.mpmadirectory.org.my/members/chuan-yi-plastic-industries
INFO:root:
INFO:root:getting :
INFO:root:https://www.mpmadirectory.org.my/members/chye-plastic-industry-sdn-bhd
INFO:root:
INFO:root:getting :
INFO:root:https://www.mpmadirectory.org.my/members/cipli-industries-sdn-bhd
INFO:root:
INFO:root:getting :
INFO:root:https://www.mpmadirectory.org.my/members/citc-compound-sdn-bhd
INFO:root:
INFO:root:getting :
INFO:root:https://www.mpmadirectory.org.my/members/citra-murni-sdn-bhd
INFO:root:
INFO:root:getting :
INFO:root:https://www.mpmadirectory.org.my/members/cj-polymers-sdn-bhd
INFO:root:
INFO:root:getting :
INFO:root:https://www.mpmadirectory.org.my/members/ck-packaging-plastic-industries-sdn-bhd
INFO:root:
INFO:root:getting :
INFO:root:https://www.mpmadirectory.org.my/members/cky-recycle-plastic-sdn-bhd
INFO:root:
INFO:root:getting :
INFO:root:https://www.mpmadirectory.org.my/members/cl-materials-trading-sdn-bhd
INFO:root:
INFO:root:getting :
INFO:root:https://www.mpmadirectory.org.my/members/cloeren-incorporated
INFO:root:
INFO:root:getting :
INFO:root:https://www.mpmadirectory.org.my/members/cls-engineering-sdn-bhd
INFO:root:
INFO:root:getting :
INFO:root:https://www.mpmadirectory.org.my/members/cm-machinery-sdn-bhd
INFO:root:
INFO:root:getting :
INFO:root:https://www.mpmadirectory.org.my/members/cmf-plastics-industry-sdn-bhd
INFO:root:
INFO:root:getting :
INFO:root:https://www.mpmadirectory.org.my/members/color-pigment-m-sdn-bhd
INFO:root:
INFO:root:getting :
INFO:root:https://www.mpmadirectory.org.my/members/colour-image-plastic-compound-sdn-bhd
INFO:root:
INFO:root:getting :
INFO:root:https://www.mpmadirectory.org.my/members/combi-pack-sdn-bhd
INFO:root:
INFO:root:getting :
INFO:root:https://www.mpmadirectory.org.my/members/commercial-plastic-industries-sdn-bhd
INFO:root:
INFO:root:getting :
INFO:root:https://www.mpmadirectory.org.my/members/concrete-joining-systems-m-sdn-bhd
INFO:root:
INFO:root:getting :
INFO:root:https://www.mpmadirectory.org.my/members/connell-bros-company-malaysia-sdn-bhd
INFO:root:
INFO:root:getting :
INFO:root:https://www.mpmadirectory.org.my/members/contipak-noron-sdn-bhd
INFO:root:
INFO:root:getting :
INFO:root:https://www.mpmadirectory.org.my/members/control-union-malaysia-sdn-bhd
INFO:root:
INFO:root:getting :
INFO:root:https://www.mpmadirectory.org.my/members/convemed-sdn-bhd
INFO:root:
INFO:root:getting :
INFO:root:https://www.mpmadirectory.org.my/members/corlite-packaging-industries-sdn-bhd
INFO:root:
INFO:root:getting :
INFO:root:https://www.mpmadirectory.org.my/members/corvet-technologies-sdn-bhd
INFO:root:
INFO:root:getting :
INFO:root:https://www.mpmadirectory.org.my/members/cp-powders-sdn-bhd
INFO:root:
INFO:root:getting :
INFO:root:https://www.mpmadirectory.org.my/members/cpi-kl-sdn-bhd
INFO:root:
INFO:root:getting :
INFO:root:https://www.mpmadirectory.org.my/members/craft-render-sdn-bhd
INFO:root:
INFO:root:getting :
INFO:root:https://www.mpmadirectory.org.my/members/creative-protective-sdn-bhd
INFO:root:
INFO:root:getting :
INFO:root:https://www.mpmadirectory.org.my/members/cryovac-m-sdn-bhd
INFO:root:
INFO:root:getting :
INFO:root:https://www.mpmadirectory.org.my/members/csh-recycle-sdn-bhd
INFO:root:
INFO:root:getting :
INFO:root:https://www.mpmadirectory.org.my/members/cy-enterprise-sdn-bhd
INFO:root:
INFO:root:getting :
INFO:root:https://www.mpmadirectory.org.my/members/cycleworld-manufacturing-sdn-bhd
INFO:root:
INFO:root:getting :
INFO:root:https://www.mpmadirectory.org.my/members/dnonce-technology-bhd
INFO:root:
INFO:root:getting :
INFO:root:https://www.mpmadirectory.org.my/members/dai-ichi-jitsugyo-m-sdn-bhd
INFO:root:
INFO:root:getting :
INFO:root:https://www.mpmadirectory.org.my/members/daichong-engraving-sdn-bhd
INFO:root:
INFO:root:getting :
INFO:root:https://www.mpmadirectory.org.my/members/daifuji-plastic-industries-sdn-bhd
INFO:root:
INFO:root:getting :
INFO:root:https://www.mpmadirectory.org.my/members/danapac-industries-m-sdn-bhd
INFO:root:
INFO:root:getting :
INFO:root:https://www.mpmadirectory.org.my/members/danex-plast-sdn-bhd
INFO:root:
INFO:root:getting :
INFO:root:https://www.mpmadirectory.org.my/members/davis-standard-m-sdn-bhd
INFO:root:
INFO:root:getting :
INFO:root:https://www.mpmadirectory.org.my/members/dcm-material-sciences-sdn-bhd
INFO:root:
INFO:root:getting :
INFO:root:https://www.mpmadirectory.org.my/members/dct-plastic-sdn-bhd
INFO:root:
INFO:root:getting :
INFO:root:https://www.mpmadirectory.org.my/members/dd-plastic-sdn-bhd
INFO:root:
INFO:root:getting :
INFO:root:https://www.mpmadirectory.org.my/members/deplas-products-sdn-bhd
INFO:root:
INFO:root:getting :
INFO:root:https://www.mpmadirectory.org.my/members/dialog-eseco-sdn-bhd
INFO:root:
INFO:root:getting :
INFO:root:https://www.mpmadirectory.org.my/members/dic-malaysia-sdn-bhd
INFO:root:
INFO:root:getting :
INFO:root:https://www.mpmadirectory.org.my/members/dic-compounds-m-sdn-bhd
INFO:root:
INFO:root:getting :
INFO:root:https://www.mpmadirectory.org.my/members/dindings-engraving-sdn-bhd
INFO:root:
INFO:root:getting :
INFO:root:https://www.mpmadirectory.org.my/members/diyou-fibre-m-sdn-bhd
INFO:root:
INFO:root:getting :
INFO:root:https://www.mpmadirectory.org.my/members/dnp-materials-sdn-bhd
INFO:root:
INFO:root:getting :
INFO:root:https://www.mpmadirectory.org.my/members/domicplus-sdn-bhd
INFO:root:
INFO:root:getting :
INFO:root:https://www.mpmadirectory.org.my/members/dow-chemical-malaysia-sdn-bhd
INFO:root:
INFO:root:getting :
INFO:root:https://www.mpmadirectory.org.my/members/dragonpak-industries-m-sdn-bhd
INFO:root:
INFO:root:getting :
INFO:root:https://www.mpmadirectory.org.my/members/dsp-m-sdn-bhd
INFO:root:
INFO:root:getting :
INFO:root:https://www.mpmadirectory.org.my/members/dunia-polymer-extrusion-sdn-bhd
INFO:root:
INFO:root:getting :
INFO:root:https://www.mpmadirectory.org.my/members/dura-mine-sdn-bhd
INFO:root:
INFO:root:getting :
INFO:root:https://www.mpmadirectory.org.my/members/durapower-sdn-bhd
INFO:root:
INFO:root:getting :
INFO:root:https://www.mpmadirectory.org.my/members/dynamic-frank-sdn-bhd
INFO:root:
INFO:root:getting :
INFO:root:https://www.mpmadirectory.org.my/members/dynamic-manufacturing-m-sdn-bhd
INFO:root:
INFO:root:getting :
INFO:root:https://www.mpmadirectory.org.my/members/dynaplast-m-sdn-bhd
INFO:root:
INFO:root:getting :
INFO:root:https://www.mpmadirectory.org.my/members/e-shun-plastic-enterprise
INFO:root:
INFO:root:getting :
INFO:root:https://www.mpmadirectory.org.my/members/eb-packaging-sdn-bhd
INFO:root:
INFO:root:getting :
INFO:root:https://www.mpmadirectory.org.my/members/eco-power-synergy-sdn-bhd
INFO:root:
INFO:root:getting :
INFO:root:https://www.mpmadirectory.org.my/members/ecomold-technology-sdn-bhd
INFO:root:
INFO:root:getting :
INFO:root:https://www.mpmadirectory.org.my/members/ecoplas-sdn-bhd
INFO:root:
INFO:root:getting :
INFO:root:https://www.mpmadirectory.org.my/members/ee-lian-plastic-industries-m-sdn-bhd
INFO:root:
INFO:root:getting :
INFO:root:https://www.mpmadirectory.org.my/members/eesin-plastics-m-sdn-bhd
INFO:root:
INFO:root:getting :
INFO:root:https://www.mpmadirectory.org.my/members/egrowth-sdn-bhd
INFO:root:
INFO:root:getting :
INFO:root:https://www.mpmadirectory.org.my/members/ehp-industries-sdn-bhd
INFO:root:
INFO:root:getting :
INFO:root:https://www.mpmadirectory.org.my/members/eiffel-plastic-industries-sdn-bhd
INFO:root:
INFO:root:getting :
INFO:root:https://www.mpmadirectory.org.my/members/electrofast-manufacturing-sdn-bhd
INFO:root:
INFO:root:getting :
INFO:root:https://www.mpmadirectory.org.my/members/elim-industries-sdn-bhd
INFO:root:
INFO:root:getting :
INFO:root:https://www.mpmadirectory.org.my/members/emico-penang-sdn-bhd
INFO:root:
INFO:root:getting :
INFO:root:https://www.mpmadirectory.org.my/members/engel-singapore-pte-ltd
INFO:root:
INFO:root:getting :
INFO:root:https://www.mpmadirectory.org.my/members/enhance-plastic-industry-sdn-bhd
INFO:root:
INFO:root:getting :
INFO:root:https://www.mpmadirectory.org.my/members/enviro-rafflesia-business-support-sdn-bhd
INFO:root:
INFO:root:getting :
INFO:root:https://www.mpmadirectory.org.my/members/enviro-plus-sdn-bhd
INFO:root:
INFO:root:getting :
INFO:root:https://www.mpmadirectory.org.my/members/eoss-grand-industries-m-sdn-bhd
INFO:root:
INFO:root:getting :
INFO:root:https://www.mpmadirectory.org.my/members/epd-plastic-industries-sdn-bhd
INFO:root:
INFO:root:getting :
INFO:root:https://www.mpmadirectory.org.my/members/epicor-software-m-sdn-bhd
INFO:root:
INFO:root:getting :
INFO:root:https://www.mpmadirectory.org.my/members/epsilon-medical-devices-sdn-bhd
INFO:root:
INFO:root:getting :
INFO:root:https://www.mpmadirectory.org.my/members/esh-resource-management-sdn-bhd
INFO:root:
INFO:root:getting :
INFO:root:https://www.mpmadirectory.org.my/members/etowa-corporation-m-sdn-bhd
INFO:root:
INFO:root:getting :
INFO:root:https://www.mpmadirectory.org.my/members/euro-plas-pack-industries-sdn-bhd
INFO:root:
INFO:root:getting :
INFO:root:https://www.mpmadirectory.org.my/members/euro-sme-sdn-bhd-2
INFO:root:
INFO:root:getting :
INFO:root:https://www.mpmadirectory.org.my/members/eurocan-plastics-sdn-bhd
INFO:root:
INFO:root:getting :
INFO:root:https://www.mpmadirectory.org.my/members/evermal-industry-sdn-bhd
INFO:root:
INFO:root:getting :
INFO:root:https://www.mpmadirectory.org.my/members/everwin-plastic-sdn-bhd
INFO:root:
INFO:root:getting :
INFO:root:https://www.mpmadirectory.org.my/members/everyday-brush-industries-m-sdn-bhd
INFO:root:
INFO:root:getting :
INFO:root:https://www.mpmadirectory.org.my/members/excel-mould-manufacturing-sdn-bhd
INFO:root:
INFO:root:getting :
INFO:root:https://www.mpmadirectory.org.my/members/exl-pipe-borneo-sdn-bhd
INFO:root:
INFO:root:getting :
INFO:root:https://www.mpmadirectory.org.my/members/express-audio-industry-sdn-bhd
INFO:root:
INFO:root:getting :
INFO:root:https://www.mpmadirectory.org.my/members/exxonmobil-chemical-malaysia-sdn-bhd
INFO:root:
INFO:root:getting :
INFO:root:https://www.mpmadirectory.org.my/members/exzone-precision-engineering-sdn-bhd
INFO:root:
INFO:root:getting :
INFO:root:https://www.mpmadirectory.org.my/members/fatt-ling-plastic-industries-sdn-bhd
INFO:root:
INFO:root:getting :
INFO:root:https://www.mpmadirectory.org.my/members/fero-maltech-industries-m-sdn-bhd
INFO:root:
INFO:root:getting :
INFO:root:https://www.mpmadirectory.org.my/members/fibertex-personal-care-sdn-bhd
INFO:root:
INFO:root:getting :
INFO:root:https://www.mpmadirectory.org.my/members/filtermation-mfg-sdn-bhd
INFO:root:
INFO:root:getting :
INFO:root:https://www.mpmadirectory.org.my/members/fiman-plastic-industries-sdn-bhd
INFO:root:
INFO:root:getting :
INFO:root:https://www.mpmadirectory.org.my/members/first-packaging-industries-sdn-bhd
INFO:root:
INFO:root:getting :
INFO:root:https://www.mpmadirectory.org.my/members/fitson-sdn-bhd
INFO:root:
INFO:root:getting :
INFO:root:https://www.mpmadirectory.org.my/members/foam-packaging-industries-sdn-bhd
INFO:root:
INFO:root:getting :
INFO:root:https://www.mpmadirectory.org.my/members/foam-polystyrene-enterprise-sdn-bhd
INFO:root:
INFO:root:getting :
INFO:root:https://www.mpmadirectory.org.my/members/focus-chemical-sdn-bhd
INFO:root:
INFO:root:getting :
INFO:root:https://www.mpmadirectory.org.my/members/fook-huat-plastic-industries-m-sdn-bhd
INFO:root:
INFO:root:getting :
INFO:root:https://www.mpmadirectory.org.my/members/foraypack-industry-sdn-bhd
INFO:root:
INFO:root:getting :
INFO:root:https://www.mpmadirectory.org.my/members/form-rite-malaysia-sdn-bhd
INFO:root:
INFO:root:getting :
INFO:root:https://www.mpmadirectory.org.my/members/fragstar-corporation-sdn-bhd
INFO:root:
